<?xml version="1.0" encoding="UTF-8"?>
<testsuite name="ProjectRepo.AppTest" tests="1" skipped="0" failures="0" errors="0" timestamp="2022-02-28T22:41:31" hostname="DESKTOP-TMLK81U" time="0.004">
  <properties/>
  <testcase name="appHasAGreeting" classname="ProjectRepo.AppTest" time="0.004"/>
  <system-out><![CDATA[]]></system-out>
  <system-err><![CDATA[]]></system-err>
</testsuite>
