<?xml version="1.0" encoding="UTF-8"?>
<testsuite name="ProjectRepo.AppTest" tests="1" skipped="0" failures="0" errors="0" timestamp="2022-03-01T03:40:04" hostname="DESKTOP-TMLK81U" time="0.005">
  <properties/>
  <testcase name="appHasAGreeting" classname="ProjectRepo.AppTest" time="0.005"/>
  <system-out><![CDATA[]]></system-out>
  <system-err><![CDATA[]]></system-err>
</testsuite>
